TN:
SF:src\app.ts
FN:17,(anonymous_1)
FN:28,(anonymous_2)
FN:41,(anonymous_3)
FN:77,(anonymous_4)
FNF:4
FNH:2
FNDA:0,(anonymous_1)
FNDA:24,(anonymous_2)
FNDA:5,(anonymous_3)
FNDA:0,(anonymous_4)
DA:1,4
DA:2,4
DA:3,4
DA:4,4
DA:5,4
DA:6,4
DA:7,4
DA:10,4
DA:14,4
DA:17,4
DA:19,4
DA:20,4
DA:21,4
DA:26,4
DA:28,24
DA:30,4
DA:35,4
DA:41,5
DA:45,4
DA:52,4
DA:61,4
DA:69,4
DA:70,4
DA:71,4
DA:72,4
DA:74,4
DA:75,4
DA:77,4
DA:79,4
LF:29
LH:29
BRDA:20,0,0,4
BRDA:20,0,1,0
BRF:2
BRH:1
end_of_record
TN:
SF:src\config\index.ts
FN:94,(anonymous_1)
FN:96,(anonymous_2)
FNF:2
FNH:0
FNDA:0,(anonymous_1)
FNDA:0,(anonymous_2)
DA:1,7
DA:2,7
DA:4,7
DA:86,7
DA:87,0
DA:94,0
DA:95,0
DA:96,0
DA:97,0
LF:9
LH:4
BRDA:5,0,0,7
BRDA:5,0,1,0
BRDA:6,1,0,7
BRDA:6,1,1,0
BRDA:7,2,0,7
BRDA:7,2,1,0
BRDA:8,3,0,7
BRDA:8,3,1,7
BRDA:9,4,0,7
BRDA:9,4,1,7
BRDA:16,5,0,7
BRDA:16,5,1,0
BRDA:17,6,0,7
BRDA:17,6,1,0
BRDA:18,7,0,7
BRDA:18,7,1,0
BRDA:19,8,0,7
BRDA:19,8,1,0
BRDA:23,9,0,7
BRDA:23,9,1,0
BRDA:24,10,0,7
BRDA:24,10,1,0
BRDA:25,11,0,7
BRDA:25,11,1,0
BRDA:26,12,0,7
BRDA:26,12,1,0
BRDA:27,13,0,7
BRDA:27,13,1,0
BRDA:28,14,0,7
BRDA:28,14,1,0
BRDA:29,15,0,7
BRDA:29,15,1,0
BRDA:30,16,0,7
BRDA:30,16,1,7
BRDA:34,17,0,7
BRDA:34,17,1,0
BRDA:35,18,0,7
BRDA:35,18,1,0
BRDA:40,19,0,7
BRDA:40,19,1,0
BRDA:41,20,0,7
BRDA:41,20,1,0
BRDA:42,21,0,7
BRDA:42,21,1,0
BRDA:43,22,0,7
BRDA:43,22,1,0
BRDA:47,23,0,7
BRDA:47,23,1,0
BRDA:48,24,0,7
BRDA:48,24,1,7
BRDA:49,25,0,7
BRDA:49,25,1,7
BRDA:51,26,0,7
BRDA:51,26,1,7
BRDA:52,27,0,7
BRDA:52,27,1,7
BRDA:53,28,0,7
BRDA:53,28,1,7
BRDA:57,29,0,7
BRDA:57,29,1,0
BRDA:58,30,0,7
BRDA:58,30,1,0
BRDA:62,31,0,7
BRDA:62,31,1,0
BRDA:63,32,0,7
BRDA:63,32,1,0
BRDA:64,33,0,7
BRDA:64,33,1,0
BRDA:65,34,0,7
BRDA:65,34,1,0
BRDA:66,35,0,7
BRDA:66,35,1,7
BRDA:70,36,0,7
BRDA:70,36,1,0
BRDA:71,37,0,7
BRDA:71,37,1,0
BRDA:72,38,0,7
BRDA:72,38,1,0
BRDA:76,39,0,7
BRDA:76,39,1,0
BRDA:80,40,0,7
BRDA:80,40,1,7
BRDA:86,41,0,0
BRDA:94,42,0,0
BRDA:94,42,1,0
BRDA:95,43,0,0
BRF:86
BRH:51
end_of_record
TN:
SF:src\controllers\admin.controller.ts
FN:11,adminLoginHandler
FN:28,getStatsHandler
FN:99,getUsersHandler
FN:131,banUserHandler
FN:151,getGamesHandler
FN:178,(anonymous_6)
FN:193,getTransactionsHandler
FN:224,(anonymous_8)
FN:240,approveWithdrawalHandler
FN:265,rejectWithdrawalHandler
FN:299,getGameReplayAdminHandler
FN:339,getTournamentsAdminHandler
FN:367,createTournamentAdminHandler
FN:391,startTournamentAdminHandler
FN:402,cancelTournamentAdminHandler
FNF:15
FNH:15
FNDA:16,adminLoginHandler
FNDA:1,getStatsHandler
FNDA:1,getUsersHandler
FNDA:1,banUserHandler
FNDA:1,getGamesHandler
FNDA:1,(anonymous_6)
FNDA:1,getTransactionsHandler
FNDA:1,(anonymous_8)
FNDA:4,approveWithdrawalHandler
FNDA:1,rejectWithdrawalHandler
FNDA:1,getGameReplayAdminHandler
FNDA:1,getTournamentsAdminHandler
FNDA:2,createTournamentAdminHandler
FNDA:1,startTournamentAdminHandler
FNDA:1,cancelTournamentAdminHandler
DA:2,4
DA:3,4
DA:4,4
DA:5,4
DA:6,4
DA:7,4
DA:11,4
DA:12,16
DA:13,16
DA:14,16
DA:15,2
DA:16,2
DA:18,14
DA:19,14
DA:20,14
DA:22,0
DA:28,4
DA:29,1
DA:30,1
DA:43,1
DA:75,1
DA:76,1
DA:77,1
DA:79,1
DA:93,0
DA:99,4
DA:100,1
DA:101,1
DA:102,1
DA:103,1
DA:105,1
DA:109,1
DA:125,1
DA:127,0
DA:131,4
DA:132,1
DA:133,1
DA:134,1
DA:136,1
DA:142,1
DA:143,1
DA:145,0
DA:151,4
DA:152,1
DA:153,1
DA:154,1
DA:155,1
DA:157,1
DA:159,1
DA:178,1
DA:185,1
DA:187,0
DA:193,4
DA:194,1
DA:195,1
DA:196,1
DA:197,1
DA:198,1
DA:200,1
DA:201,1
DA:202,1
DA:204,1
DA:224,1
DA:225,1
DA:227,1
DA:236,0
DA:240,4
DA:241,4
DA:242,4
DA:244,4
DA:249,4
DA:250,3
DA:251,2
DA:253,1
DA:258,1
DA:259,1
DA:261,0
DA:265,4
DA:266,1
DA:267,1
DA:269,1
DA:274,1
DA:275,1
DA:276,1
DA:279,1
DA:290,1
DA:291,1
DA:293,0
DA:299,4
DA:300,1
DA:301,1
DA:303,1
DA:329,1
DA:331,0
DA:333,0
DA:339,4
DA:340,1
DA:341,1
DA:342,1
DA:343,1
DA:345,1
DA:346,1
DA:348,1
DA:361,1
DA:363,0
DA:367,4
DA:368,2
DA:369,2
DA:371,2
DA:372,1
DA:375,1
DA:384,1
DA:385,1
DA:387,0
DA:391,4
DA:392,1
DA:393,1
DA:394,1
DA:395,1
DA:396,1
DA:398,0
DA:402,4
DA:403,1
DA:404,1
DA:406,1
DA:411,1
DA:412,1
DA:415,1
DA:416,2
DA:417,2
DA:418,2
DA:436,1
DA:441,1
DA:442,1
DA:444,0
LF:135
LH:121
BRDA:14,0,0,2
BRDA:14,1,0,16
BRDA:14,1,1,14
BRDA:75,2,0,1
BRDA:75,2,1,0
BRDA:76,3,0,1
BRDA:76,3,1,0
BRDA:77,4,0,1
BRDA:77,4,1,0
BRDA:101,5,0,1
BRDA:101,5,1,0
BRDA:103,6,0,1
BRDA:103,6,1,0
BRDA:105,7,0,1
BRDA:105,7,1,0
BRDA:138,8,0,1
BRDA:138,8,1,0
BRDA:138,9,0,1
BRDA:138,9,1,0
BRDA:153,10,0,1
BRDA:153,10,1,0
BRDA:157,11,0,1
BRDA:157,11,1,0
BRDA:180,12,0,1
BRDA:180,12,1,0
BRDA:195,13,0,1
BRDA:195,13,1,0
BRDA:201,14,0,1
BRDA:202,15,0,1
BRDA:225,16,0,1
BRDA:225,16,1,0
BRDA:249,17,0,1
BRDA:250,18,0,1
BRDA:251,19,0,1
BRDA:274,20,0,0
BRDA:275,21,0,0
BRDA:276,22,0,0
BRDA:329,23,0,1
BRDA:341,24,0,1
BRDA:341,24,1,0
BRDA:346,25,0,1
BRDA:371,26,0,1
BRDA:371,27,0,2
BRDA:371,27,1,2
BRDA:371,27,2,1
BRDA:371,27,3,1
BRDA:371,27,4,1
BRDA:411,28,0,0
BRDA:412,29,0,0
BRDA:417,30,0,2
BRF:50
BRH:31
end_of_record
TN:
SF:src\controllers\auth.controller.ts
FN:9,sendOtpHandler
FN:19,verifyOtpHandler
FN:28,(anonymous_2)
FN:36,devLoginHandler
FN:58,refreshHandler
FN:69,logoutHandler
FN:79,updateProfileHandler
FN:114,verifyCpfHandler
FN:136,deleteAccountHandler
FN:164,requestDataExportHandler
FN:207,selfExclusionHandler
FN:231,getMeHandler
FNF:12
FNH:3
FNDA:1,sendOtpHandler
FNDA:1,verifyOtpHandler
FNDA:0,(anonymous_2)
FNDA:0,devLoginHandler
FNDA:1,refreshHandler
FNDA:0,logoutHandler
FNDA:0,updateProfileHandler
FNDA:0,verifyCpfHandler
FNDA:0,deleteAccountHandler
FNDA:0,requestDataExportHandler
FNDA:0,selfExclusionHandler
FNDA:0,getMeHandler
DA:2,4
DA:3,4
DA:4,4
DA:5,4
DA:6,4
DA:7,4
DA:9,4
DA:10,1
DA:11,1
DA:12,1
DA:13,0
DA:15,1
DA:19,4
DA:20,1
DA:21,1
DA:22,1
DA:23,1
DA:25,1
DA:28,0
DA:30,0
DA:32,1
DA:36,4
DA:37,0
DA:38,0
DA:39,0
DA:41,0
DA:46,0
DA:47,0
DA:49,0
DA:50,0
DA:51,0
DA:52,0
DA:54,0
DA:58,4
DA:59,1
DA:60,1
DA:61,1
DA:62,1
DA:63,0
DA:65,1
DA:69,4
DA:70,0
DA:71,0
DA:72,0
DA:73,0
DA:75,0
DA:79,4
DA:80,0
DA:81,0
DA:82,0
DA:85,0
DA:86,0
DA:87,0
DA:88,0
DA:91,0
DA:106,0
DA:108,0
DA:114,4
DA:115,0
DA:116,0
DA:117,0
DA:119,0
DA:121,0
DA:123,0
DA:131,0
DA:136,4
DA:137,0
DA:138,0
DA:141,0
DA:157,0
DA:159,0
DA:164,4
DA:165,0
DA:166,0
DA:168,0
DA:193,0
DA:197,0
DA:202,0
DA:207,4
DA:208,0
DA:209,0
DA:210,0
DA:212,0
DA:213,0
DA:216,0
DA:220,0
DA:225,0
DA:227,0
DA:231,4
DA:232,0
DA:233,0
DA:234,0
DA:248,0
DA:249,0
DA:251,0
LF:95
LH:32
BRDA:41,0,0,0
BRDA:41,0,1,0
BRDA:41,0,2,0
BRDA:41,0,3,0
BRDA:41,0,4,0
BRDA:41,0,5,0
BRDA:41,0,6,0
BRDA:46,1,0,0
BRDA:46,2,0,0
BRDA:46,2,1,0
BRDA:46,2,2,0
BRDA:49,3,0,0
BRDA:49,3,1,0
BRDA:50,4,0,0
BRDA:50,4,1,0
BRDA:61,5,0,0
BRDA:72,6,0,0
BRDA:85,7,0,0
BRDA:94,8,0,0
BRDA:94,8,1,0
BRDA:95,9,0,0
BRDA:95,9,1,0
BRDA:96,10,0,0
BRDA:96,10,1,0
BRDA:97,11,0,0
BRDA:97,11,1,0
BRDA:117,12,0,0
BRDA:117,12,1,0
BRDA:126,13,0,0
BRDA:126,13,1,0
BRDA:193,14,0,0
BRDA:212,15,0,0
BRDA:216,16,0,0
BRDA:216,16,1,0
BRDA:248,17,0,0
BRF:35
BRH:0
end_of_record
TN:
SF:src\controllers\game.controller.ts
FN:8,getGameHistoryHandler
FN:37,getGameReplayHandler
FN:49,(anonymous_2)
FN:58,getActiveGameHandler
FN:80,getTournamentsHandler
FN:93,joinTournamentHandler
FN:133,(anonymous_6)
FNF:7
FNH:0
FNDA:0,getGameHistoryHandler
FNDA:0,getGameReplayHandler
FNDA:0,(anonymous_2)
FNDA:0,getActiveGameHandler
FNDA:0,getTournamentsHandler
FNDA:0,joinTournamentHandler
FNDA:0,(anonymous_6)
DA:2,4
DA:5,4
DA:8,4
DA:9,0
DA:10,0
DA:11,0
DA:12,0
DA:14,0
DA:31,0
DA:33,0
DA:37,4
DA:38,0
DA:39,0
DA:40,0
DA:42,0
DA:47,0
DA:49,0
DA:50,0
DA:52,0
DA:54,0
DA:58,4
DA:59,0
DA:60,0
DA:62,0
DA:74,0
DA:76,0
DA:80,4
DA:81,0
DA:82,0
DA:87,0
DA:89,0
DA:93,4
DA:94,0
DA:95,0
DA:96,0
DA:98,0
DA:99,0
DA:100,0
DA:101,0
DA:104,0
DA:105,0
DA:106,0
DA:110,0
DA:111,0
DA:113,0
DA:132,0
DA:133,0
DA:134,0
DA:138,0
DA:140,0
LF:50
LH:7
BRDA:11,0,0,0
BRDA:11,0,1,0
BRDA:47,1,0,0
BRDA:50,2,0,0
BRDA:99,3,0,0
BRDA:100,4,0,0
BRDA:101,5,0,0
BRDA:105,6,0,0
BRDA:105,7,0,0
BRDA:105,7,1,0
BRDA:126,8,0,0
BRDA:126,8,1,0
BRDA:132,9,0,0
BRF:13
BRH:0
end_of_record
TN:
SF:src\controllers\wallet.controller.ts
FN:7,getWalletHandler
FN:17,depositHandler
FN:28,withdrawHandler
FN:40,getTransactionHandler
FN:55,pixWebhookHandler
FNF:5
FNH:1
FNDA:0,getWalletHandler
FNDA:0,depositHandler
FNDA:0,withdrawHandler
FNDA:0,getTransactionHandler
FNDA:1,pixWebhookHandler
DA:2,4
DA:3,4
DA:4,4
DA:5,4
DA:7,4
DA:8,0
DA:9,0
DA:10,0
DA:11,0
DA:13,0
DA:17,4
DA:18,0
DA:19,0
DA:20,0
DA:21,0
DA:22,0
DA:24,0
DA:28,4
DA:29,0
DA:30,0
DA:31,0
DA:32,0
DA:33,0
DA:35,0
DA:40,4
DA:41,0
DA:42,0
DA:43,0
DA:44,0
DA:45,0
DA:46,0
DA:48,0
DA:55,4
DA:56,1
DA:58,1
DA:59,1
DA:61,1
DA:62,0
DA:66,0
DA:69,1
DA:70,1
DA:71,0
DA:72,0
DA:75,1
DA:76,2
DA:77,2
DA:78,2
DA:80,0
DA:84,1
DA:86,0
DA:87,0
LF:51
LH:20
BRDA:45,0,0,0
BRDA:58,1,0,1
BRDA:58,1,1,1
BRDA:59,2,0,1
BRDA:59,2,1,0
BRDA:61,3,0,0
BRDA:70,4,0,0
BRDA:70,5,0,1
BRDA:70,5,1,1
BRDA:77,6,0,2
BRDA:77,6,1,0
BRF:11
BRH:6
end_of_record
TN:
SF:src\game\domino.engine.ts
FN:47,generateTiles
FN:58,shuffle
FN:67,initGame
FN:74,(anonymous_3)
FN:86,(anonymous_4)
FN:87,(anonymous_5)
FN:112,canPlayTile
FN:119,(anonymous_7)
FN:141,getValidMoves
FN:144,(anonymous_9)
FN:145,(anonymous_10)
FN:148,applyMove
FN:160,(anonymous_12)
FN:166,(anonymous_13)
FN:225,applyPass
FN:242,drawFromBoneyard
FN:251,resolveBlockedGame
FN:254,(anonymous_17)
FN:255,(anonymous_18)
FN:261,(anonymous_19)
FN:262,(anonymous_20)
FN:268,(anonymous_21)
FN:276,(anonymous_22)
FN:281,getBotMove
FN:295,(anonymous_24)
FNF:25
FNH:23
FNDA:12,generateTiles
FNDA:9,shuffle
FNDA:7,initGame
FNDA:16,(anonymous_3)
FNDA:16,(anonymous_4)
FNDA:112,(anonymous_5)
FNDA:134,canPlayTile
FNDA:246,(anonymous_7)
FNDA:26,getValidMoves
FNDA:109,(anonymous_9)
FNDA:109,(anonymous_10)
FNDA:28,applyMove
FNDA:17,(anonymous_12)
FNDA:42,(anonymous_13)
FNDA:6,applyPass
FNDA:9,drawFromBoneyard
FNDA:3,resolveBlockedGame
FNDA:6,(anonymous_17)
FNDA:6,(anonymous_18)
FNDA:0,(anonymous_19)
FNDA:0,(anonymous_20)
FNDA:3,(anonymous_21)
FNDA:3,(anonymous_22)
FNDA:5,getBotMove
FNDA:1,(anonymous_24)
DA:47,5
DA:48,12
DA:49,12
DA:50,84
DA:51,336
DA:54,12
DA:58,5
DA:59,9
DA:60,9
DA:61,243
DA:62,243
DA:64,9
DA:67,5
DA:72,7
DA:73,7
DA:74,16
DA:81,7
DA:84,7
DA:85,7
DA:86,7
DA:87,16
DA:88,112
DA:89,15
DA:90,15
DA:95,7
DA:112,5
DA:113,134
DA:114,12
DA:117,122
DA:119,122
DA:120,246
DA:121,246
DA:122,246
DA:123,123
DA:124,123
DA:126,123
DA:127,123
DA:131,122
DA:132,122
DA:133,122
DA:134,2
DA:135,2
DA:138,122
DA:141,5
DA:142,26
DA:143,26
DA:144,109
DA:145,109
DA:148,5
DA:155,28
DA:156,28
DA:158,28
DA:159,18
DA:160,18
DA:161,1
DA:166,42
DA:167,27
DA:168,26
DA:169,26
DA:170,26
DA:172,26
DA:173,26
DA:175,26
DA:176,9
DA:177,9
DA:178,9
DA:179,9
DA:182,9
DA:183,0
DA:184,0
DA:187,17
DA:188,17
DA:190,9
DA:191,9
DA:193,8
DA:194,8
DA:196,0
DA:197,0
DA:199,0
DA:200,0
DA:204,17
DA:205,1
DA:206,1
DA:210,26
DA:211,26
DA:214,26
DA:215,9
DA:216,9
DA:217,9
DA:218,9
DA:221,17
DA:222,17
DA:225,5
DA:226,6
DA:227,6
DA:228,6
DA:229,6
DA:230,6
DA:231,6
DA:234,6
DA:235,3
DA:236,3
DA:239,6
DA:242,5
DA:243,9
DA:244,9
DA:246,8
DA:247,8
DA:248,8
DA:253,3
DA:254,3
DA:255,6
DA:256,6
DA:259,6
DA:260,0
DA:261,0
DA:262,0
DA:263,0
DA:267,3
DA:268,3
DA:270,3
DA:272,1
DA:273,1
DA:275,2
DA:276,3
DA:277,2
DA:281,5
DA:287,5
DA:289,5
DA:290,2
DA:291,1
DA:295,3
DA:296,1
DA:297,1
DA:298,1
DA:301,3
DA:302,3
DA:303,3
LF:138
LH:128
BRDA:73,0,0,6
BRDA:73,0,1,1
BRDA:88,1,0,15
BRDA:88,2,0,112
BRDA:88,2,1,27
BRDA:113,3,0,12
BRDA:120,4,0,0
BRDA:121,5,0,246
BRDA:121,5,1,124
BRDA:122,6,0,123
BRDA:122,6,1,123
BRDA:123,7,0,12
BRDA:124,8,0,20
BRDA:124,9,0,123
BRDA:124,9,1,26
BRDA:126,10,0,17
BRDA:127,11,0,11
BRDA:127,12,0,123
BRDA:127,12,1,17
BRDA:133,13,0,2
BRDA:134,14,0,1
BRDA:135,15,0,1
BRDA:158,16,0,18
BRDA:160,17,0,1
BRDA:160,18,0,17
BRDA:160,18,1,17
BRDA:166,19,0,42
BRDA:166,19,1,30
BRDA:167,20,0,1
BRDA:173,21,0,7
BRDA:173,21,1,19
BRDA:175,22,0,9
BRDA:175,22,1,17
BRDA:182,23,0,0
BRDA:182,24,0,9
BRDA:182,24,1,0
BRDA:188,25,0,9
BRDA:188,25,1,8
BRDA:188,25,2,0
BRDA:188,25,3,0
BRDA:204,26,0,1
BRDA:204,27,0,17
BRDA:204,27,1,1
BRDA:204,27,2,1
BRDA:214,28,0,9
BRDA:234,29,0,3
BRDA:244,30,0,1
BRDA:256,31,0,6
BRDA:256,31,1,6
BRDA:259,32,0,0
BRDA:270,33,0,1
BRDA:270,33,1,2
BRDA:289,34,0,2
BRDA:290,35,0,1
BRF:54
BRH:48
end_of_record
TN:
SF:src\middleware\admin.middleware.ts
FN:5,adminMiddleware
FNF:1
FNH:1
FNDA:18,adminMiddleware
DA:2,4
DA:3,4
DA:5,4
DA:6,18
DA:7,18
DA:8,2
DA:11,16
DA:12,16
DA:13,16
DA:14,16
DA:15,0
DA:17,16
DA:19,0
LF:13
LH:11
BRDA:7,0,0,2
BRDA:14,1,0,0
BRF:2
BRH:1
end_of_record
TN:
SF:src\middleware\antifraud.middleware.ts
FN:6,antifraudMiddleware
FN:24,checkMultiAccount
FNF:2
FNH:1
FNDA:40,antifraudMiddleware
FNDA:0,checkMultiAccount
DA:2,4
DA:3,4
DA:4,4
DA:6,4
DA:7,40
DA:8,40
DA:11,40
DA:12,40
DA:13,0
DA:14,0
DA:18,40
DA:19,40
DA:21,40
DA:24,4
DA:25,0
DA:27,0
DA:29,0
DA:30,0
DA:34,0
DA:37,0
DA:38,0
DA:42,0
DA:45,0
DA:46,0
LF:24
LH:12
BRDA:7,0,0,40
BRDA:7,0,1,40
BRDA:7,0,2,0
BRDA:12,1,0,0
BRDA:12,2,0,40
BRDA:12,2,1,0
BRDA:12,2,2,0
BRDA:25,3,0,0
BRDA:25,4,0,0
BRDA:25,4,1,0
BRDA:29,5,0,0
BRDA:34,6,0,0
BRDA:37,7,0,0
BRDA:42,8,0,0
BRF:14
BRH:3
end_of_record
TN:
SF:src\middleware\auth.middleware.ts
FN:9,authMiddleware
FNF:1
FNH:1
FNDA:2,authMiddleware
DA:2,4
DA:3,4
DA:9,4
DA:10,2
DA:11,2
DA:12,2
DA:15,0
DA:16,0
DA:17,0
DA:18,0
DA:23,0
DA:24,0
DA:26,0
DA:27,0
DA:29,0
LF:15
LH:6
BRDA:11,0,0,2
BRDA:23,1,0,0
BRDA:24,2,0,0
BRF:3
BRH:1
end_of_record
TN:
SF:src\routes\admin.routes.ts
FNF:0
FNH:0
DA:1,4
DA:2,4
DA:3,4
DA:19,4
DA:22,4
DA:25,4
DA:27,4
DA:29,4
DA:30,4
DA:32,4
DA:33,4
DA:35,4
DA:36,4
DA:37,4
DA:39,4
DA:40,4
DA:41,4
DA:42,4
DA:44,4
LF:19
LH:19
BRF:0
BRH:0
end_of_record
TN:
SF:src\routes\auth.routes.ts
FNF:0
FNH:0
DA:1,4
DA:2,4
DA:3,4
DA:17,4
DA:19,4
DA:20,4
DA:21,4
DA:22,4
DA:23,4
DA:24,4
DA:25,4
DA:26,4
DA:29,4
DA:30,4
DA:31,4
DA:33,4
LF:16
LH:16
BRF:0
BRH:0
end_of_record
TN:
SF:src\routes\game.routes.ts
FNF:0
FNH:0
DA:1,4
DA:2,4
DA:3,4
DA:11,4
DA:13,4
DA:14,4
DA:15,4
DA:16,4
DA:17,4
DA:19,4
LF:10
LH:10
BRF:0
BRH:0
end_of_record
TN:
SF:src\routes\index.ts
FN:14,(anonymous_1)
FN:18,(anonymous_2)
FNF:2
FNH:0
FNDA:0,(anonymous_1)
FNDA:0,(anonymous_2)
DA:1,4
DA:2,4
DA:3,4
DA:4,4
DA:5,4
DA:7,4
DA:9,4
DA:10,4
DA:11,4
DA:12,4
DA:14,4
DA:15,0
DA:18,4
DA:19,0
DA:22,4
LF:15
LH:13
BRF:0
BRH:0
end_of_record
TN:
SF:src\routes\wallet.routes.ts
FNF:0
FNH:0
DA:1,4
DA:2,4
DA:3,4
DA:11,4
DA:13,4
DA:14,4
DA:15,4
DA:16,4
DA:17,4
DA:19,4
LF:10
LH:10
BRF:0
BRH:0
end_of_record
TN:
SF:src\services\auth.service.ts
FN:6,ensureDevWalletBalance
FN:37,requestOtp
FN:56,loginWithOtp
FN:89,devLogin
FN:141,refreshTokens
FN:160,logout
FN:164,sanitizeUser
FNF:7
FNH:3
FNDA:0,ensureDevWalletBalance
FNDA:1,requestOtp
FNDA:1,loginWithOtp
FNDA:0,devLogin
FNDA:1,refreshTokens
FNDA:0,logout
FNDA:0,sanitizeUser
DA:1,4
DA:2,4
DA:3,4
DA:4,4
DA:7,0
DA:9,0
DA:15,0
DA:16,0
DA:18,0
DA:19,0
DA:37,4
DA:38,1
DA:39,1
DA:40,1
DA:47,1
DA:50,0
DA:52,0
DA:53,0
DA:56,4
DA:57,1
DA:58,1
DA:60,0
DA:69,0
DA:70,0
DA:72,0
DA:74,0
DA:75,0
DA:77,0
DA:78,0
DA:79,0
DA:81,0
DA:86,0
DA:89,4
DA:90,0
DA:91,0
DA:92,0
DA:102,0
DA:105,0
DA:107,0
DA:125,0
DA:126,0
DA:127,0
DA:129,0
DA:130,0
DA:131,0
DA:133,0
DA:138,0
DA:141,4
DA:142,1
DA:143,0
DA:148,0
DA:149,0
DA:151,0
DA:152,0
DA:153,0
DA:155,0
DA:157,0
DA:160,4
DA:161,0
DA:165,0
DA:166,0
LF:61
LH:16
BRDA:7,0,0,0
BRDA:15,1,0,0
BRDA:15,1,1,0
BRDA:15,2,0,0
BRDA:15,2,1,0
BRDA:16,3,0,0
BRDA:30,4,0,0
BRDA:30,4,1,0
BRDA:39,5,0,1
BRDA:50,6,0,0
BRDA:58,7,0,1
BRDA:64,8,0,0
BRDA:64,8,1,0
BRDA:65,9,0,0
BRDA:65,9,1,0
BRDA:70,10,0,0
BRDA:75,11,0,0
BRDA:91,12,0,0
BRDA:105,13,0,0
BRDA:110,14,0,0
BRDA:110,14,1,0
BRDA:113,15,0,0
BRDA:113,15,1,0
BRDA:114,16,0,0
BRDA:114,16,1,0
BRDA:127,17,0,0
BRDA:148,18,0,0
BRDA:148,19,0,0
BRDA:148,19,1,0
BRDA:149,20,0,0
BRF:30
BRH:2
end_of_record
TN:
SF:src\services\cpf.service.ts
FN:45,getSerproToken
FN:74,querySerpro
FN:96,verifyCpf
FN:131,verifyAndSaveCpf
FNF:4
FNH:0
FNDA:0,getSerproToken
FNDA:0,querySerpro
FNDA:0,verifyCpf
FNDA:0,verifyAndSaveCpf
DA:1,4
DA:2,4
DA:3,4
DA:4,4
DA:30,4
DA:31,4
DA:41,4
DA:46,0
DA:47,0
DA:50,0
DA:54,0
DA:66,0
DA:71,0
DA:75,0
DA:77,0
DA:85,0
DA:96,4
DA:97,0
DA:99,0
DA:100,0
DA:103,0
DA:104,0
DA:105,0
DA:106,0
DA:108,0
DA:114,0
DA:121,0
DA:122,0
DA:124,0
DA:125,0
DA:131,4
DA:133,0
DA:134,0
DA:135,0
DA:139,0
DA:144,0
DA:145,0
DA:148,0
DA:149,0
DA:152,0
DA:154,0
DA:155,0
DA:159,0
DA:168,0
DA:169,0
LF:45
LH:9
BRDA:46,0,0,0
BRDA:46,1,0,0
BRDA:46,1,1,0
BRDA:97,2,0,0
BRDA:97,3,0,0
BRDA:97,3,1,0
BRDA:106,4,0,0
BRDA:106,4,1,0
BRDA:116,5,0,0
BRDA:116,5,1,0
BRDA:121,6,0,0
BRDA:134,7,0,0
BRDA:134,8,0,0
BRDA:134,8,1,0
BRDA:144,9,0,0
BRDA:144,10,0,0
BRDA:144,10,1,0
BRDA:148,11,0,0
BRDA:148,12,0,0
BRDA:148,12,1,0
BRDA:154,13,0,0
BRF:21
BRH:0
end_of_record
TN:
SF:src\services\matchmaking.service.ts
FN:20,getQueueKey
FN:24,enqueue
FN:30,(anonymous_2)
FN:39,dequeue
FN:40,(anonymous_4)
FN:41,(anonymous_5)
FN:49,getQueueStats
FN:51,(anonymous_7)
FN:62,tryMatch
FN:90,(anonymous_9)
FN:92,(anonymous_10)
FN:93,(anonymous_11)
FN:100,createMatch
FN:101,(anonymous_13)
FN:105,(anonymous_14)
FN:106,(anonymous_15)
FN:124,(anonymous_16)
FN:134,(anonymous_17)
FN:141,createBotUser
FN:156,startBotInjectionTimer
FN:157,(anonymous_20)
FN:158,(anonymous_21)
FN:161,(anonymous_22)
FNF:23
FNH:18
FNDA:21,getQueueKey
FNDA:21,enqueue
FNDA:18,(anonymous_2)
FNDA:6,dequeue
FNDA:6,(anonymous_4)
FNDA:0,(anonymous_5)
FNDA:10,getQueueStats
FNDA:8,(anonymous_7)
FNDA:21,tryMatch
FNDA:3,(anonymous_9)
FNDA:4,(anonymous_10)
FNDA:4,(anonymous_11)
FNDA:6,createMatch
FNDA:14,(anonymous_13)
FNDA:11,(anonymous_14)
FNDA:14,(anonymous_15)
FNDA:14,(anonymous_16)
FNDA:14,(anonymous_17)
FNDA:0,createBotUser
FNDA:2,startBotInjectionTimer
FNDA:0,(anonymous_20)
FNDA:0,(anonymous_21)
FNDA:0,(anonymous_22)
DA:1,3
DA:2,3
DA:3,3
DA:4,3
DA:5,3
DA:16,3
DA:18,3
DA:21,21
DA:24,3
DA:25,21
DA:26,21
DA:27,21
DA:30,21
DA:31,21
DA:33,21
DA:34,21
DA:36,21
DA:39,3
DA:40,6
DA:41,6
DA:42,6
DA:43,0
DA:44,0
DA:49,3
DA:50,10
DA:51,10
DA:52,8
DA:53,8
DA:54,1
DA:55,1
DA:57,8
DA:59,10
DA:63,21
DA:64,21
DA:66,21
DA:68,21
DA:71,8
DA:72,7
DA:73,10
DA:74,9
DA:75,9
DA:76,9
DA:77,9
DA:78,9
DA:79,5
DA:80,5
DA:81,5
DA:82,5
DA:89,3
DA:90,3
DA:91,1
DA:92,1
DA:93,4
DA:94,4
DA:96,1
DA:101,14
DA:102,6
DA:105,11
DA:106,14
DA:114,6
DA:115,6
DA:124,14
DA:134,14
DA:135,6
DA:137,0
DA:142,0
DA:143,0
DA:144,0
DA:156,3
DA:157,2
DA:158,0
DA:159,0
DA:160,0
DA:161,0
DA:162,0
DA:164,0
DA:166,0
DA:167,0
DA:175,0
DA:179,2
LF:80
LH:65
BRDA:26,0,0,6
BRDA:31,1,0,1
BRDA:42,2,0,0
BRDA:54,3,0,1
BRDA:54,3,1,0
BRDA:55,4,0,1
BRDA:55,4,1,1
BRDA:64,5,0,0
BRDA:66,6,0,7
BRDA:66,6,1,14
BRDA:66,7,0,21
BRDA:66,7,1,14
BRDA:68,8,0,13
BRDA:71,9,0,7
BRDA:77,10,0,9
BRDA:77,10,1,0
BRDA:77,11,0,0
BRDA:77,11,1,0
BRDA:78,12,0,5
BRDA:89,13,0,1
BRDA:89,14,0,3
BRDA:89,14,1,1
BRDA:94,15,0,4
BRDA:108,16,0,4
BRDA:108,16,1,10
BRDA:108,17,0,2
BRDA:108,17,1,2
BRDA:160,18,0,0
BRDA:162,19,0,0
BRF:29
BRH:21
end_of_record
TN:
SF:src\services\otp.service.ts
FN:20,generateOtp
FN:28,sendOtp
FN:49,verifyOtp
FN:80,dispatchSms
FN:99,sendViaZenvia
FN:124,sendViaTwilio
FNF:6
FNH:4
FNDA:25,generateOtp
FNDA:5,sendOtp
FNDA:9,verifyOtp
FNDA:4,dispatchSms
FNDA:0,sendViaZenvia
FNDA:0,sendViaTwilio
DA:1,5
DA:2,5
DA:3,5
DA:16,5
DA:20,5
DA:21,25
DA:22,25
DA:23,25
DA:28,5
DA:30,5
DA:31,5
DA:32,1
DA:33,1
DA:34,1
DA:35,1
DA:39,4
DA:40,4
DA:42,4
DA:44,4
DA:49,5
DA:50,9
DA:52,9
DA:54,7
DA:55,1
DA:56,1
DA:59,6
DA:60,0
DA:61,0
DA:64,6
DA:65,6
DA:66,6
DA:67,6
DA:68,1
DA:69,1
DA:71,5
DA:74,0
DA:75,0
DA:81,4
DA:83,4
DA:85,0
DA:86,0
DA:88,0
DA:89,0
DA:92,4
DA:100,0
DA:102,0
DA:118,0
DA:125,0
DA:127,0
DA:128,0
DA:131,0
DA:145,0
LF:52
LH:36
BRDA:31,0,0,1
BRDA:33,1,0,1
BRDA:52,2,0,2
BRDA:54,3,0,1
BRDA:59,4,0,0
BRDA:64,5,0,6
BRDA:67,6,0,1
BRDA:71,7,0,4
BRDA:71,7,1,1
BRDA:71,8,0,4
BRDA:71,8,1,1
BRDA:83,9,0,0
BRDA:83,9,1,0
BRDA:83,9,2,4
BRDA:100,10,0,0
BRDA:127,11,0,0
BRDA:127,12,0,0
BRDA:127,12,1,0
BRDA:127,12,2,0
BRF:19
BRH:11
end_of_record
TN:
SF:src\services\pix.service.ts
FN:31,getAccessToken
FN:58,createInterClient
FN:83,registerPixWebhook
FN:112,verifyPixWebhookSignature
FN:125,createPixCharge
FN:178,confirmPixDeposit
FN:206,processWithdrawal
FN:216,(anonymous_8)
FNF:8
FNH:1
FNDA:0,getAccessToken
FNDA:0,createInterClient
FNDA:0,registerPixWebhook
FNDA:0,verifyPixWebhookSignature
FNDA:0,createPixCharge
FNDA:2,confirmPixDeposit
FNDA:0,processWithdrawal
FNDA:0,(anonymous_8)
DA:1,5
DA:2,5
DA:3,5
DA:4,5
DA:5,5
DA:6,5
DA:7,5
DA:8,5
DA:29,5
DA:32,0
DA:33,0
DA:36,0
DA:37,0
DA:50,0
DA:51,0
DA:52,0
DA:61,0
DA:62,0
DA:63,0
DA:69,0
DA:70,0
DA:74,0
DA:83,5
DA:84,0
DA:85,0
DA:86,0
DA:89,0
DA:90,0
DA:91,0
DA:93,0
DA:99,0
DA:102,0
DA:112,5
DA:113,0
DA:114,0
DA:115,0
DA:118,0
DA:122,0
DA:125,5
DA:130,0
DA:134,0
DA:136,0
DA:138,0
DA:140,0
DA:141,0
DA:142,0
DA:144,0
DA:155,0
DA:156,0
DA:159,0
DA:160,0
DA:163,0
DA:175,0
DA:178,5
DA:179,2
DA:184,2
DA:185,1
DA:186,1
DA:189,1
DA:203,1
DA:206,5
DA:207,0
DA:208,0
DA:209,0
DA:210,0
DA:212,0
DA:216,0
DA:217,0
DA:221,0
DA:235,0
DA:236,0
DA:237,0
DA:238,0
DA:240,0
DA:251,0
DA:257,0
DA:267,0
DA:268,0
DA:272,0
DA:276,0
DA:279,0
LF:81
LH:20
BRDA:32,0,0,0
BRDA:32,1,0,0
BRDA:32,1,1,0
BRDA:61,2,0,0
BRDA:84,3,0,0
BRDA:113,4,0,0
BRDA:134,5,0,0
BRDA:140,6,0,0
BRDA:140,6,1,0
BRDA:148,7,0,0
BRDA:148,7,1,0
BRDA:148,8,0,0
BRDA:148,8,1,0
BRDA:184,9,0,1
BRDA:208,10,0,0
BRDA:209,11,0,0
BRDA:210,12,0,0
BRDA:235,13,0,0
BRDA:235,13,1,0
BRF:19
BRH:1
end_of_record
TN:
SF:src\services\prisma.service.ts
FN:11,(anonymous_0)
FN:12,(anonymous_1)
FNF:2
FNH:0
FNDA:0,(anonymous_0)
FNDA:0,(anonymous_1)
DA:1,0
DA:2,0
DA:4,0
DA:11,0
DA:12,0
LF:5
LH:0
BRF:0
BRH:0
end_of_record
TN:
SF:src\services\redis.service.ts
FN:12,connectRedis
FN:21,(anonymous_10)
FN:40,(anonymous_11)
FN:51,getRedisClient
FN:52,getRedisSubscriber
FN:53,isRedisAvailable
FN:55,disconnectRedis
FN:56,(anonymous_16)
FN:57,(anonymous_17)
FNF:9
FNH:1
FNDA:0,connectRedis
FNDA:0,(anonymous_10)
FNDA:0,(anonymous_11)
FNDA:0,getRedisClient
FNDA:0,getRedisSubscriber
FNDA:1,isRedisAvailable
FNDA:0,disconnectRedis
FNDA:0,(anonymous_16)
FNDA:0,(anonymous_17)
DA:1,1
DA:8,1
DA:9,1
DA:10,1
DA:12,1
DA:13,0
DA:14,0
DA:15,0
DA:16,0
DA:19,0
DA:21,0
DA:23,0
DA:29,0
DA:34,0
DA:35,0
DA:37,0
DA:38,0
DA:40,0
DA:41,0
DA:44,0
DA:45,0
DA:46,0
DA:47,0
DA:51,1
DA:52,1
DA:53,1
DA:55,1
DA:56,0
DA:57,0
LF:29
LH:9
BRDA:14,0,0,0
BRDA:56,1,0,0
BRDA:57,2,0,0
BRF:3
BRH:0
end_of_record
TN:
SF:src\services\tournament.service.ts
FN:15,shuffle
FN:26,startTournament
FN:45,(anonymous_2)
FN:53,advanceTournamentBracket
FN:75,(anonymous_4)
FN:76,(anonymous_5)
FN:92,(anonymous_6)
FN:125,(anonymous_7)
FN:133,createRoundGames
FN:164,(anonymous_9)
FN:179,finishTournament
FN:221,createTournament
FNF:12
FNH:0
FNDA:0,shuffle
FNDA:0,startTournament
FNDA:0,(anonymous_2)
FNDA:0,advanceTournamentBracket
FNDA:0,(anonymous_4)
FNDA:0,(anonymous_5)
FNDA:0,(anonymous_6)
FNDA:0,(anonymous_7)
FNDA:0,createRoundGames
FNDA:0,(anonymous_9)
FNDA:0,finishTournament
FNDA:0,createTournament
DA:1,3
DA:2,3
DA:3,3
DA:16,0
DA:17,0
DA:18,0
DA:19,0
DA:21,0
DA:26,3
DA:27,0
DA:32,0
DA:33,0
DA:34,0
DA:36,0
DA:37,0
DA:40,0
DA:45,0
DA:46,0
DA:48,0
DA:53,3
DA:59,0
DA:64,0
DA:66,0
DA:71,0
DA:74,0
DA:75,0
DA:76,0
DA:78,0
DA:79,0
DA:83,0
DA:87,0
DA:92,0
DA:93,0
DA:94,0
DA:95,0
DA:99,0
DA:104,0
DA:106,0
DA:110,0
DA:113,0
DA:114,0
DA:115,0
DA:119,0
DA:120,0
DA:125,0
DA:126,0
DA:128,0
DA:138,0
DA:139,0
DA:141,0
DA:142,0
DA:145,0
DA:146,0
DA:147,0
DA:150,0
DA:152,0
DA:164,0
DA:173,0
DA:184,0
DA:186,0
DA:187,0
DA:205,0
DA:211,0
DA:216,0
DA:221,3
DA:229,0
LF:66
LH:6
BRDA:32,0,0,0
BRDA:33,1,0,0
BRDA:33,2,0,0
BRDA:33,2,1,0
BRDA:36,3,0,0
BRDA:64,4,0,0
BRDA:64,5,0,0
BRDA:64,5,1,0
BRDA:71,6,0,0
BRDA:71,7,0,0
BRDA:71,7,1,0
BRDA:75,8,0,0
BRDA:75,8,1,0
BRDA:78,9,0,0
BRDA:92,10,0,0
BRDA:92,10,1,0
BRDA:92,10,2,0
BRDA:93,11,0,0
BRDA:104,12,0,0
BRDA:113,13,0,0
BRDA:139,14,0,0
BRDA:139,14,1,0
BRDA:145,15,0,0
BRDA:166,16,0,0
BRDA:166,16,1,0
BRDA:166,17,0,0
BRDA:166,17,1,0
BRDA:186,18,0,0
BRDA:233,19,0,0
BRDA:233,19,1,0
BRF:30
BRH:0
end_of_record
TN:
SF:src\services\wallet.service.ts
FN:4,getWallet
FN:28,deposit
FN:33,withdraw
FN:38,deductBet
FN:67,getTransaction
FN:87,creditWin
FNF:6
FNH:4
FNDA:0,getWallet
FNDA:2,deposit
FNDA:2,withdraw
FNDA:10,deductBet
FNDA:0,getTransaction
FNDA:4,creditWin
DA:1,6
DA:2,6
DA:4,6
DA:5,0
DA:24,0
DA:25,0
DA:28,6
DA:29,2
DA:30,1
DA:33,6
DA:34,2
DA:35,1
DA:38,6
DA:39,10
DA:40,10
DA:42,9
DA:43,9
DA:44,9
DA:46,9
DA:48,8
DA:56,8
DA:67,6
DA:68,0
DA:69,0
DA:71,0
DA:87,6
DA:88,4
DA:93,4
LF:28
LH:22
BRDA:24,0,0,0
BRDA:29,1,0,1
BRDA:34,2,0,1
BRDA:40,3,0,1
BRDA:43,4,0,1
BRDA:43,4,1,8
BRDA:44,5,0,1
BRDA:44,5,1,8
BRDA:46,6,0,1
BRDA:69,7,0,0
BRF:10
BRH:8
end_of_record
TN:
SF:src\socket\gameSocket.ts
FN:45,recordMove
FN:51,setupGameSocket
FN:55,(anonymous_2)
FN:66,(anonymous_3)
FN:100,(anonymous_4)
FN:104,(anonymous_5)
FN:139,(anonymous_6)
FN:143,(anonymous_7)
FN:162,(anonymous_8)
FN:166,(anonymous_9)
FN:198,(anonymous_10)
FN:203,(anonymous_11)
FN:213,(anonymous_12)
FN:216,(anonymous_13)
FN:222,(anonymous_14)
FN:224,(anonymous_15)
FN:231,startGame
FN:242,(anonymous_17)
FN:256,(anonymous_18)
FN:267,(anonymous_19)
FN:270,getPlayerView
FN:271,(anonymous_21)
FN:274,(anonymous_22)
FN:276,(anonymous_23)
FN:278,(anonymous_24)
FN:282,broadcastGameState
FN:283,(anonymous_26)
FN:289,startTurnTimer
FN:294,(anonymous_28)
FN:324,clearTurnTimer
FN:332,scheduleBotTurn
FN:338,(anonymous_31)
FN:392,handleGameEnd
FN:408,(anonymous_33)
FN:434,(anonymous_34)
FN:449,(anonymous_35)
FN:453,(anonymous_36)
FN:461,(anonymous_37)
FN:467,forfeitGame
FN:471,(anonymous_39)
FN:475,(anonymous_40)
FN:475,(anonymous_41)
FNF:42
FNH:26
FNDA:1,recordMove
FNDA:3,setupGameSocket
FNDA:3,(anonymous_2)
FNDA:5,(anonymous_3)
FNDA:1,(anonymous_4)
FNDA:1,(anonymous_5)
FNDA:0,(anonymous_6)
FNDA:0,(anonymous_7)
FNDA:0,(anonymous_8)
FNDA:0,(anonymous_9)
FNDA:0,(anonymous_10)
FNDA:0,(anonymous_11)
FNDA:3,(anonymous_12)
FNDA:3,(anonymous_13)
FNDA:0,(anonymous_14)
FNDA:0,(anonymous_15)
FNDA:1,startGame
FNDA:2,(anonymous_17)
FNDA:2,(anonymous_18)
FNDA:2,(anonymous_19)
FNDA:6,getPlayerView
FNDA:10,(anonymous_21)
FNDA:12,(anonymous_22)
FNDA:5,(anonymous_23)
FNDA:0,(anonymous_24)
FNDA:2,broadcastGameState
FNDA:4,(anonymous_26)
FNDA:1,startTurnTimer
FNDA:0,(anonymous_28)
FNDA:3,clearTurnTimer
FNDA:1,scheduleBotTurn
FNDA:0,(anonymous_31)
FNDA:1,handleGameEnd
FNDA:2,(anonymous_33)
FNDA:1,(anonymous_34)
FNDA:2,(anonymous_35)
FNDA:1,(anonymous_36)
FNDA:0,(anonymous_37)
FNDA:0,forfeitGame
FNDA:0,(anonymous_39)
FNDA:0,(anonymous_40)
FNDA:0,(anonymous_41)
DA:2,4
DA:3,4
DA:4,4
DA:5,4
DA:6,4
DA:7,4
DA:18,4
DA:19,4
DA:20,4
DA:43,4
DA:46,1
DA:47,1
DA:48,1
DA:51,4
DA:52,3
DA:55,3
DA:56,3
DA:61,3
DA:62,0
DA:63,0
DA:66,5
DA:67,3
DA:68,0
DA:69,0
DA:72,3
DA:73,3
DA:76,3
DA:81,3
DA:82,3
DA:83,3
DA:84,1
DA:85,1
DA:89,3
DA:90,1
DA:93,2
DA:94,2
DA:95,2
DA:100,3
DA:101,1
DA:102,1
DA:104,1
DA:105,1
DA:106,0
DA:107,0
DA:110,1
DA:111,1
DA:112,1
DA:113,1
DA:115,1
DA:125,1
DA:127,1
DA:128,1
DA:130,0
DA:131,0
DA:134,0
DA:139,3
DA:140,0
DA:141,0
DA:143,0
DA:144,0
DA:146,0
DA:147,0
DA:149,0
DA:156,0
DA:157,0
DA:158,0
DA:162,3
DA:163,0
DA:164,0
DA:166,0
DA:167,0
DA:170,0
DA:171,0
DA:172,0
DA:173,0
DA:176,0
DA:177,0
DA:178,0
DA:180,0
DA:187,0
DA:189,0
DA:190,0
DA:192,0
DA:193,0
DA:198,3
DA:199,0
DA:200,0
DA:203,3
DA:204,0
DA:205,0
DA:206,0
DA:210,0
DA:213,3
DA:214,3
DA:215,3
DA:216,3
DA:217,3
DA:221,3
DA:222,3
DA:223,0
DA:224,0
DA:226,3
DA:233,1
DA:234,2
DA:235,2
DA:236,2
DA:237,2
DA:242,2
DA:249,1
DA:250,1
DA:253,1
DA:256,2
DA:261,1
DA:263,1
DA:264,1
DA:265,1
DA:267,2
DA:271,10
DA:272,6
DA:274,12
DA:276,5
DA:278,0
DA:283,2
DA:284,4
DA:285,4
DA:290,1
DA:291,1
DA:292,1
DA:294,1
DA:295,0
DA:296,0
DA:299,0
DA:300,0
DA:301,0
DA:303,0
DA:310,0
DA:311,0
DA:313,0
DA:314,0
DA:316,0
DA:317,0
DA:321,1
DA:325,3
DA:326,3
DA:327,1
DA:328,1
DA:333,1
DA:334,1
DA:337,0
DA:338,0
DA:339,0
DA:340,0
DA:342,0
DA:343,0
DA:345,0
DA:347,0
DA:348,0
DA:349,0
DA:358,0
DA:359,0
DA:360,0
DA:366,0
DA:367,0
DA:368,0
DA:369,0
DA:371,0
DA:372,0
DA:380,0
DA:381,0
DA:383,0
DA:384,0
DA:386,0
DA:387,0
DA:398,1
DA:399,1
DA:401,1
DA:402,1
DA:404,1
DA:407,1
DA:408,2
DA:411,1
DA:413,1
DA:414,1
DA:415,1
DA:418,1
DA:419,1
DA:421,1
DA:433,1
DA:434,2
DA:435,2
DA:441,1
DA:449,2
DA:453,1
DA:457,1
DA:460,1
DA:461,0
DA:462,0
DA:468,0
DA:469,0
DA:471,0
DA:472,0
DA:474,0
DA:475,0
DA:476,0
DA:483,0
DA:485,0
DA:492,0
LF:207
LH:113
BRDA:47,0,0,0
BRDA:61,1,0,0
BRDA:67,2,0,0
BRDA:83,3,0,1
BRDA:89,4,0,1
BRDA:89,4,1,2
BRDA:102,5,0,0
BRDA:102,6,0,1
BRDA:102,6,1,1
BRDA:105,7,0,0
BRDA:127,8,0,1
BRDA:127,8,1,0
BRDA:141,9,0,0
BRDA:141,10,0,0
BRDA:141,10,1,0
BRDA:144,11,0,0
BRDA:164,12,0,0
BRDA:164,13,0,0
BRDA:164,13,1,0
BRDA:167,14,0,0
BRDA:171,15,0,0
BRDA:171,16,0,0
BRDA:171,16,1,0
BRDA:189,17,0,0
BRDA:189,17,1,0
BRDA:199,18,0,0
BRDA:234,19,0,2
BRDA:236,20,0,2
BRDA:276,21,0,6
BRDA:276,21,1,6
BRDA:292,22,0,0
BRDA:296,23,0,0
BRDA:296,24,0,0
BRDA:296,24,1,0
BRDA:313,25,0,0
BRDA:313,25,1,0
BRDA:326,26,0,1
BRDA:334,27,0,1
BRDA:334,28,0,1
BRDA:334,28,1,0
BRDA:340,29,0,0
BRDA:340,30,0,0
BRDA:340,30,1,0
BRDA:347,31,0,0
BRDA:347,31,1,0
BRDA:347,32,0,0
BRDA:347,32,1,0
BRDA:347,32,2,0
BRDA:348,33,0,0
BRDA:348,33,1,0
BRDA:356,34,0,0
BRDA:356,34,1,0
BRDA:358,35,0,0
BRDA:358,35,1,0
BRDA:383,36,0,0
BRDA:383,36,1,0
BRDA:402,37,0,0
BRDA:407,38,0,1
BRDA:407,38,1,0
BRDA:408,39,0,2
BRDA:408,39,1,1
BRDA:411,40,0,1
BRDA:411,40,1,0
BRDA:415,41,0,1
BRDA:418,42,0,1
BRDA:418,42,1,0
BRDA:424,43,0,1
BRDA:424,43,1,1
BRDA:425,44,0,1
BRDA:425,44,1,0
BRDA:426,45,0,1
BRDA:426,45,1,0
BRDA:442,46,0,1
BRDA:442,46,1,1
BRDA:460,47,0,0
BRDA:469,48,0,0
BRDA:469,49,0,0
BRDA:469,49,1,0
BRDA:472,50,0,0
BRDA:472,51,0,0
BRDA:472,51,1,0
BRDA:474,52,0,0
BRDA:474,52,1,0
BRDA:475,53,0,0
BRDA:475,53,1,0
BRDA:475,54,0,0
BRDA:475,54,1,0
BRF:87
BRH:25
end_of_record
TN:
SF:src\socket\index.ts
FN:11,createSocketServer
FN:23,(anonymous_10)
FN:23,(anonymous_11)
FN:26,(anonymous_12)
FN:32,(anonymous_13)
FN:50,(anonymous_14)
FN:56,(anonymous_15)
FN:63,(anonymous_16)
FN:84,(anonymous_17)
FN:90,(anonymous_18)
FN:102,(anonymous_19)
FN:113,(anonymous_20)
FN:114,(anonymous_21)
FNF:13
FNH:9
FNDA:1,createSocketServer
FNDA:0,(anonymous_10)
FNDA:0,(anonymous_11)
FNDA:0,(anonymous_12)
FNDA:3,(anonymous_13)
FNDA:3,(anonymous_14)
FNDA:7,(anonymous_15)
FNDA:2,(anonymous_16)
FNDA:2,(anonymous_17)
FNDA:0,(anonymous_18)
FNDA:3,(anonymous_19)
FNDA:1,(anonymous_20)
FNDA:2,(anonymous_21)
DA:2,1
DA:3,1
DA:4,1
DA:5,1
DA:6,1
DA:7,1
DA:8,1
DA:9,1
DA:11,1
DA:12,1
DA:22,1
DA:23,0
DA:24,0
DA:25,0
DA:27,0
DA:32,1
DA:33,3
DA:34,3
DA:36,3
DA:37,3
DA:38,3
DA:42,3
DA:43,3
DA:44,3
DA:46,0
DA:50,1
DA:51,3
DA:52,3
DA:54,3
DA:56,3
DA:57,7
DA:60,3
DA:63,3
DA:64,2
DA:73,2
DA:74,2
DA:75,0
DA:76,0
DA:79,2
DA:80,2
DA:81,2
DA:82,2
DA:84,2
DA:85,2
DA:86,2
DA:87,2
DA:90,2
DA:91,0
DA:92,0
DA:93,0
DA:94,0
DA:99,3
DA:100,3
DA:102,3
DA:103,3
DA:104,3
DA:105,3
DA:106,3
DA:109,3
DA:113,1
DA:114,1
DA:115,2
DA:119,1
LF:63
LH:52
BRDA:22,0,0,0
BRDA:33,1,0,3
BRDA:33,1,1,0
BRDA:34,2,0,0
BRDA:42,3,0,0
BRDA:42,4,0,3
BRDA:42,4,1,3
BRDA:74,5,0,0
BRDA:74,6,0,2
BRDA:74,6,1,2
BRF:10
BRH:5
end_of_record
TN:
SF:src\utils\jwt.ts
FN:9,signAccessToken
FN:15,signRefreshToken
FN:21,verifyAccessToken
FN:25,verifyRefreshToken
FNF:4
FNH:3
FNDA:2,signAccessToken
FNDA:0,signRefreshToken
FNDA:3,verifyAccessToken
FNDA:1,verifyRefreshToken
DA:1,4
DA:2,4
DA:9,4
DA:10,2
DA:15,4
DA:16,0
DA:21,4
DA:22,3
DA:25,4
DA:26,1
LF:10
LH:9
BRF:0
BRH:0
end_of_record
TN:
SF:src\utils\logger.ts
FN:13,(anonymous_1)
FNF:1
FNH:1
FNDA:2,(anonymous_1)
DA:1,1
DA:2,1
DA:4,1
DA:14,2
DA:15,2
LF:5
LH:5
BRDA:5,0,0,0
BRDA:5,0,1,1
BRDA:9,1,0,0
BRDA:9,1,1,1
BRDA:14,2,0,2
BRDA:14,2,1,0
BRDA:21,3,0,0
BRDA:21,3,1,1
BRF:8
BRH:4
end_of_record
TN:
SF:src\utils\validators.ts
FN:15,validateCPF
FNF:1
FNH:0
FNDA:0,validateCPF
DA:1,4
DA:3,4
DA:5,4
DA:7,4
DA:16,0
DA:17,0
DA:18,0
DA:19,0
DA:20,0
DA:21,0
DA:22,0
DA:23,0
DA:24,0
DA:25,0
DA:26,0
DA:29,4
DA:35,4
DA:39,4
DA:44,4
DA:48,4
DA:53,4
LF:21
LH:10
BRDA:16,0,0,0
BRDA:16,1,0,0
BRDA:16,1,1,0
BRDA:20,2,0,0
BRDA:20,3,0,0
BRDA:20,3,1,0
BRDA:21,4,0,0
BRDA:25,5,0,0
BRDA:25,6,0,0
BRDA:25,6,1,0
BRF:10
BRH:0
end_of_record
